<?xml version="1.0" encoding="UTF-8"?>
<testsuite name="net.serenity.bdd.junit.cucumber.Runner" time="0" tests="7" errors="0" skipped="2" failures="0">
  <properties>
[...]
</properties>
  <testcase name="Given User navigate to Bug Tracker Login Page" classname="Scenario: Happy Path" time="0">
    <skipped/>
    <system-out><![CDATA[Feature: BugTracker App
]]></system-out>
    <system-err><![CDATA[62 [main] INFO net.thucydides.core.util.PropertiesFileLocalPreferences - LOADING LOCAL PROPERTIES FROM C:\Users\Moklasur\workspace\SerenityFramework\serenity.properties 
62 [main] INFO net.thucydides.core.util.PropertiesFileLocalPreferences - LOADING LOCAL PROPERTIES FROM C:\Users\Moklasur\workspace\SerenityFramework\serenity.properties 
63 [main] INFO net.thucydides.core.util.PropertiesFileLocalPreferences - LOADING LOCAL PROPERTIES FROM C:\Users\Moklasur\workspace\SerenityFramework\serenity.properties 
65 [main] INFO net.thucydides.core.util.PropertiesFileLocalPreferences - webdriver.base.url=http://apex.oracletool.com:4565/apex/ws?p=103:home
65 [main] INFO net.thucydides.core.util.PropertiesFileLocalPreferences - serenity.browser,width=1200
65 [main] INFO net.thucydides.core.util.PropertiesFileLocalPreferences - serenity.verbose.screenshots=true
65 [main] INFO net.thucydides.core.util.PropertiesFileLocalPreferences - serenity.report.show.manual.tests=true
65 [main] INFO net.thucydides.core.util.PropertiesFileLocalPreferences - serenity.jira.workflow.active=true
65 [main] INFO net.thucydides.core.util.PropertiesFileLocalPreferences - serenity.project.name=Serenity BDD Cucumber Project
65 [main] INFO net.thucydides.core.util.PropertiesFileLocalPreferences - jira.project=serenityProj
65 [main] INFO net.thucydides.core.util.PropertiesFileLocalPreferences - serenity.project.key=SER
65 [main] INFO net.thucydides.core.util.PropertiesFileLocalPreferences - serenity.browser,height=1500
66 [main] INFO net.thucydides.core.util.PropertiesFileLocalPreferences - serenity.take.screenshots=FOR_EACH_ACTION
66 [main] INFO net.thucydides.core.util.PropertiesFileLocalPreferences - serenity.console.colors=true
66 [main] INFO net.thucydides.core.util.PropertiesFileLocalPreferences - jira.password=Password01
66 [main] INFO net.thucydides.core.util.PropertiesFileLocalPreferences - serenity.requirement.types=epic, feature
66 [main] INFO net.thucydides.core.util.PropertiesFileLocalPreferences - serenity.use.unique.browser=false
66 [main] INFO net.thucydides.core.util.PropertiesFileLocalPreferences - jira.url=http://localhost:8080/
66 [main] INFO net.thucydides.core.util.PropertiesFileLocalPreferences - serenity.public.url=http://sneha-pc:8082/job/SrenityBddDemo/HTML_Report/
66 [main] INFO net.thucydides.core.util.PropertiesFileLocalPreferences - serenity.verbose.steps=true
66 [main] INFO net.thucydides.core.util.PropertiesFileLocalPreferences - jira.username=serenitytraining
66 [main] INFO net.thucydides.core.util.PropertiesFileLocalPreferences - webdriver.driver=chrome
66 [main] INFO net.thucydides.core.util.PropertiesFileLocalPreferences - webdriver.wait.for.timeout=50000
66 [main] INFO net.thucydides.core.util.PropertiesFileLocalPreferences - webdriver.timeouts.implicitlywait=50000
550 [main] INFO net.thucydides.core.webdriver.SystemPropertiesConfiguration - project.build.directory : null
550 [main] INFO net.thucydides.core.webdriver.SystemPropertiesConfiguration - project.reporting.OutputDirectory : null
552 [main] INFO net.thucydides.core.webdriver.SystemPropertiesConfiguration - OutputDirectory : C:\Users\Moklasur\workspace\SerenityFramework\target\site\serenity
558 [main] INFO net.serenitybdd.core.Serenity - &amp#27;[96m

-------------------------------------------------------------------------------------
     _______. _______ .______       _______ .__   __.  __  .___________.____    ____ 
    /       ||   ____||   _  \     |   ____||  \ |  | |  | |           |\   \  /   / 
   |   (----`|  |__   |  |_)  |    |  |__   |   \|  | |  | `---|  |----` \   \/   /  
    \   \    |   __|  |      /     |   __|  |  . `  | |  |     |  |       \_    _/   
.----)   |   |  |____ |  |\  \----.|  |____ |  |\   | |  |     |  |         |  |     
|_______/    |_______|| _| `._____||_______||__| \__| |__|     |__|         |__|    
-------------------------------------------------------------------------------------
&amp#27;[0m
609 [main] INFO net.thucydides.core.util.PropertiesFileLocalPreferences - LOADING LOCAL PROPERTIES FROM C:\Users\Moklasur\workspace\SerenityFramework\serenity.properties 
610 [main] INFO net.thucydides.core.util.PropertiesFileLocalPreferences - LOADING LOCAL PROPERTIES FROM C:\Users\Moklasur\workspace\SerenityFramework\serenity.properties 
611 [main] INFO net.thucydides.core.util.PropertiesFileLocalPreferences - LOADING LOCAL PROPERTIES FROM C:\Users\Moklasur\workspace\SerenityFramework\serenity.properties 
659 [main] INFO net.thucydides.core.util.PropertiesFileLocalPreferences - LOADING LOCAL PROPERTIES FROM C:\Users\Moklasur\workspace\SerenityFramework\serenity.properties 
659 [main] INFO net.thucydides.core.util.PropertiesFileLocalPreferences - LOADING LOCAL PROPERTIES FROM C:\Users\Moklasur\workspace\SerenityFramework\serenity.properties 
660 [main] INFO net.thucydides.core.util.PropertiesFileLocalPreferences - LOADING LOCAL PROPERTIES FROM C:\Users\Moklasur\workspace\SerenityFramework\serenity.properties 
661 [main] INFO net.thucydides.core.util.PropertiesFileLocalPreferences - webdriver.base.url=http://apex.oracletool.com:4565/apex/ws?p=103:home
662 [main] INFO net.thucydides.core.util.PropertiesFileLocalPreferences - serenity.browser,width=1200
662 [main] INFO net.thucydides.core.util.PropertiesFileLocalPreferences - serenity.verbose.screenshots=true
662 [main] INFO net.thucydides.core.util.PropertiesFileLocalPreferences - serenity.report.show.manual.tests=true
662 [main] INFO net.thucydides.core.util.PropertiesFileLocalPreferences - serenity.jira.workflow.active=true
662 [main] INFO net.thucydides.core.util.PropertiesFileLocalPreferences - serenity.project.name=Serenity BDD Cucumber Project
662 [main] INFO net.thucydides.core.util.PropertiesFileLocalPreferences - jira.project=serenityProj
663 [main] INFO net.thucydides.core.util.PropertiesFileLocalPreferences - serenity.project.key=SER
663 [main] INFO net.thucydides.core.util.PropertiesFileLocalPreferences - serenity.browser,height=1500
663 [main] INFO net.thucydides.core.util.PropertiesFileLocalPreferences - serenity.take.screenshots=FOR_EACH_ACTION
663 [main] INFO net.thucydides.core.util.PropertiesFileLocalPreferences - serenity.console.colors=true
663 [main] INFO net.thucydides.core.util.PropertiesFileLocalPreferences - jira.password=Password01
663 [main] INFO net.thucydides.core.util.PropertiesFileLocalPreferences - serenity.requirement.types=epic, feature
663 [main] INFO net.thucydides.core.util.PropertiesFileLocalPreferences - serenity.use.unique.browser=false
663 [main] INFO net.thucydides.core.util.PropertiesFileLocalPreferences - jira.url=http://localhost:8080/
664 [main] INFO net.thucydides.core.util.PropertiesFileLocalPreferences - serenity.public.url=http://sneha-pc:8082/job/SrenityBddDemo/HTML_Report/
664 [main] INFO net.thucydides.core.util.PropertiesFileLocalPreferences - serenity.verbose.steps=true
664 [main] INFO net.thucydides.core.util.PropertiesFileLocalPreferences - jira.username=serenitytraining
664 [main] INFO net.thucydides.core.util.PropertiesFileLocalPreferences - webdriver.driver=chrome
665 [main] INFO net.thucydides.core.util.PropertiesFileLocalPreferences - webdriver.wait.for.timeout=50000
665 [main] INFO net.thucydides.core.util.PropertiesFileLocalPreferences - webdriver.timeouts.implicitlywait=50000
1058 [main] INFO net.thucydides.core.util.PropertiesFileLocalPreferences - LOADING LOCAL PROPERTIES FROM C:\Users\Moklasur\workspace\SerenityFramework\serenity.properties 
1059 [main] INFO net.thucydides.core.util.PropertiesFileLocalPreferences - LOADING LOCAL PROPERTIES FROM C:\Users\Moklasur\workspace\SerenityFramework\serenity.properties 
1060 [main] INFO net.thucydides.core.util.PropertiesFileLocalPreferences - LOADING LOCAL PROPERTIES FROM C:\Users\Moklasur\workspace\SerenityFramework\serenity.properties 
1541 [main] INFO net.thucydides.core.steps.StepEventBus - Registering custom listener net.serenitybdd.plugins.jira.JiraListener@210386e0
1542 [main] INFO net.serenitybdd.core.Serenity - Test Suite Started: BugTracker App
1654 [main] INFO net.serenitybdd.core.Serenity - 
 _____ _____ ____ _____   ____ _____  _    ____ _____ _____ ____  
|_   _| ____/ ___|_   _| / ___|_   _|/ \  |  _ \_   _| ____|  _ \ 
  | | |  _| \___ \ | |   \___ \ | | / _ \ | |_) || | |  _| | | | |
  | | | |___ ___) || |    ___) || |/ ___ \|  _ < | | | |___| |_| |
  |_| |_____|____/ |_|   |____/ |_/_/   \_\_| \_\|_| |_____|____/ 
                                                                  

TEST STARTED: Happy Path
-------------------------------------------------------------------
1685 [main] INFO net.thucydides.core.webdriver.SystemPropertiesConfiguration - project.build.directory : null
1685 [main] INFO net.thucydides.core.webdriver.SystemPropertiesConfiguration - project.reporting.OutputDirectory : null
1686 [main] INFO net.thucydides.core.webdriver.SystemPropertiesConfiguration - OutputDirectory : C:\Users\Moklasur\workspace\SerenityFramework\target\site\serenity
]]></system-err>
  </testcase>
  <testcase name="Scenario: Happy Path" classname="Scenario: Happy Path" time="0">
    <skipped/>
    <system-err><![CDATA[1842 [main] INFO net.serenitybdd.core.Serenity - &amp#27;[96mTEST PENDING&amp#27;[0m
1843 [main] INFO net.serenitybdd.core.Serenity - &amp#27;[96m
          __  _____ _____ ____ _____   ____  _____ _   _ ____ ___ _   _  ____ 
 _       / / |_   _| ____/ ___|_   _| |  _ \| ____| \ | |  _ \_ _| \ | |/ ___|
(_)____ / /    | | |  _| \___ \ | |   | |_) |  _| |  \| | | | | ||  \| | |  _ 
 |_____/ /     | | | |___ ___) || |   |  __/| |___| |\  | |_| | || |\  | |_| |
(_)   /_/      |_| |_____|____/ |_|   |_|   |_____|_| \_|____/___|_| \_|\____|
                                                                                

TEST PENDING: Happy Path
---------------------------------------------------------------------------------&amp#27;[0m
]]></system-err>
  </testcase>
  <testcase name="Scenario: Happy Path" classname="Scenario: Happy Path" time="5.144"/>
  <testcase name="Scenario: Happy Path" classname="Scenario: Happy Path" time="0.549"/>
  <testcase name="Given User navigate to Simple Web Sheet Login Page" classname="Scenario: Happy Path" time="0"/>
  <testcase name="When User Sing In with Valid user name and valid password" classname="Scenario: Happy Path" time="0"/>
  <testcase name="Then User do some administrative work on Dashbord" classname="Scenario: Happy Path" time="0"/>
</testsuite>